<?xml version="1.0" encoding="UTF-8"?>
<!-- Generated by org.testng.reporters.JUnitReportReporter -->
<testsuite skipped="0" hostname="HP" name="jsp.Demo1" tests="3" failures="0" timestamp="2023-03-27T11:49:27 IST" time="0.032" errors="0">
  <testcase name="data1" time="0.005" classname="jsp.Demo1"/>
  <system-out>
    <![CDATA[Modifycustomer]]>
  </system-out>
  <testcase name="data2" time="0.004" classname="jsp.Demo1"/>
  <system-out>
    <![CDATA[deletecusomer]]>
  </system-out>
  <testcase name="data" time="0.023" classname="jsp.Demo1"/>
  <system-out>
    <![CDATA[Createcustomer]]>
  </system-out>
</testsuite> <!-- jsp.Demo1 -->
