<?xml version="1.0" encoding="UTF-8"?>
<!-- Generated by org.testng.reporters.JUnitReportReporter -->
<testsuite skipped="1" hostname="HP" name="com.actitime.testscript.DemoTest" tests="3" failures="0" timestamp="2023-04-05T20:18:30 IST" time="0.030" errors="0">
  <testcase name="deleteCustomer" time="0.025" classname="com.actitime.testscript.DemoTest"/>
  <system-out>
    <![CDATA[deleteCustomer]]>
  </system-out>
  <testcase name="modifiedCustomer" time="0.005" classname="com.actitime.testscript.DemoTest"/>
  <system-out>
    <![CDATA[modifiedCustomer]]>
  </system-out>
  <testcase name="createCustomer" classname="com.actitime.testscript.DemoTest">
    <skipped/>
  </testcase> <!-- createCustomer -->
  <system-out/>
</testsuite> <!-- com.actitime.testscript.DemoTest -->
