<?xml version="1.0" encoding="UTF-8"?>
<!-- Generated by org.testng.reporters.JUnitReportReporter -->
<testsuite skipped="0" hostname="HP" name="qsp.Alertpopup1" tests="3" failures="0" timestamp="2023-03-15T18:55:19 IST" time="0.040" errors="0">
  <testcase name="demo1" time="0.006" classname="qsp.Alertpopup1"/>
  <system-out/>
  <testcase name="demo" time="0.024" classname="qsp.Alertpopup1"/>
  <system-out/>
  <testcase name="demo2" time="0.010" classname="qsp.Alertpopup1"/>
  <system-out/>
</testsuite> <!-- qsp.Alertpopup1 -->
