<?xml version="1.0" encoding="UTF-8"?>
<!-- Generated by org.testng.reporters.JUnitReportReporter -->
<testsuite skipped="0" hostname="HP" name="com.actitime.testscript.Customermodule" tests="4" failures="0" timestamp="2023-04-11T12:01:49 IST" time="0.068" errors="0">
  <testcase name="DeleteCustomer" time="0.018" classname="com.actitime.testscript.Customermodule"/>
  <system-out>
    <![CDATA[DeleteCustomer]]>
  </system-out>
  <testcase name="RegisterCustomer" time="0.013" classname="com.actitime.testscript.Customermodule"/>
  <system-out>
    <![CDATA[RegisterCustomer]]>
  </system-out>
  <testcase name="EditCustomer" time="0.013" classname="com.actitime.testscript.Customermodule"/>
  <system-out>
    <![CDATA[EditCustomer]]>
  </system-out>
  <testcase name="EditCustomer" time="0.024" classname="com.actitime.testscript.Customermodule"/>
  <system-out>
    <![CDATA[EditCustomer]]>
  </system-out>
</testsuite> <!-- com.actitime.testscript.Customermodule -->
